Creation of the directory ./models/saved/sac_all_map/ failed
Creation of the directory ./exports_sac_all_map/ failed
state_dim=15
action_dim=2
max_action=1.0
max_episode_steps=1000
C:\Python38\lib\site-packages\gym\spaces\box.py:73: UserWarning: [33mWARN: Box bound precision lowered by casting to float32
  logger.warn(
C:\Python38\lib\site-packages\numpy\core\fromnumeric.py:1822: VisibleDeprecationWarning: Creating an ndarray from ragged nested sequences (which is a list-or-tuple of lists-or-tuples-or ndarrays with different lengths or shapes) is deprecated. If you meant to do this, you must specify 'dtype=object' when creating the ndarray.
  return asanyarray(a).ravel(order=order)
TypeError: only size-1 arrays can be converted to Python scalars
The above exception was the direct cause of the following exception:
Traceback (most recent call last):
  File "supervisor_manager.py", line 293, in <module>
    s_, r, done, _ = env.step(a)
  File "supervisor_manager.py", line 90, in step
    self.get_observations(),
  File "supervisor_manager.py", line 158, in get_observations
    self.observations[i] = np.append([self.dis_epu[i],self.rot_epu[i]],[self.dis_goal[i],
ValueError: setting an array element with a sequence.